<?xml version="1.0" encoding="UTF-8"?>
<!-- Generated by org.testng.reporters.JUnitReportReporter -->
<testsuite hostname="TekArch" failures="0" tests="1" name="sfdc.com.tests.UserMenuTest" time="23.395" errors="1" timestamp="15 Aug 2022 14:03:09 GMT" skipped="0">
  <testcase classname="sfdc.com.tests.UserMenuTest" name="editProfile_TC06" time="23.395">
    <error message="Cannot invoke &quot;com.aventstack.extentreports.ExtentTest.info(String)&quot; because &quot;sfdc.com.tests.UserMenuTest.test&quot; is null" type="java.lang.NullPointerException">
      <![CDATA[java.lang.NullPointerException: Cannot invoke "com.aventstack.extentreports.ExtentTest.info(String)" because "sfdc.com.tests.UserMenuTest.test" is null
at sfdc.com.tests.UserMenuTest.editProfile_TC06(UserMenuTest.java:45)
at java.base/jdk.internal.reflect.DirectMethodHandleAccessor.invoke(DirectMethodHandleAccessor.java:104)
at java.base/java.lang.reflect.Method.invoke(Method.java:577)
at org.testng.internal.MethodInvocationHelper.invokeMethod(MethodInvocationHelper.java:124)
at org.testng.internal.Invoker.invokeMethod(Invoker.java:583)
at org.testng.internal.Invoker.invokeTestMethod(Invoker.java:719)
at org.testng.internal.Invoker.invokeTestMethods(Invoker.java:989)
at org.testng.internal.TestMethodWorker.invokeTestMethods(TestMethodWorker.java:125)
at org.testng.internal.TestMethodWorker.run(TestMethodWorker.java:109)
at java.base/java.util.concurrent.ThreadPoolExecutor.runWorker(ThreadPoolExecutor.java:1136)
at java.base/java.util.concurrent.ThreadPoolExecutor$Worker.run(ThreadPoolExecutor.java:635)
at java.base/java.lang.Thread.run(Thread.java:833)
]]>
    </error>
  </testcase> <!-- editProfile_TC06 -->
</testsuite> <!-- sfdc.com.tests.UserMenuTest -->
